0:0:0:0:0:0:0:1 - - [14/Jun/2018:10:46:19 +0800] "GET /1 HTTP/1.1" 500 414
0:0:0:0:0:0:0:1 - - [14/Jun/2018:10:46:22 +0800] "GET / HTTP/1.1" 200 1159
0:0:0:0:0:0:0:1 - - [14/Jun/2018:10:46:25 +0800] "GET /?form HTTP/1.1" 500 430
0:0:0:0:0:0:0:1 - - [14/Jun/2018:10:50:11 +0800] "GET / HTTP/1.1" 200 1159
0:0:0:0:0:0:0:1 - - [14/Jun/2018:10:50:13 +0800] "GET /?form HTTP/1.1" 200 1663
0:0:0:0:0:0:0:1 - - [14/Jun/2018:10:51:45 +0800] "GET /?form HTTP/1.1" 200 1663
0:0:0:0:0:0:0:1 - - [14/Jun/2018:10:55:54 +0800] "GET /?form HTTP/1.1" 200 1727
0:0:0:0:0:0:0:1 - - [14/Jun/2018:10:56:04 +0800] "POST /hao HTTP/1.1" 200 1930
0:0:0:0:0:0:0:1 - - [14/Jun/2018:10:56:12 +0800] "POST /hao HTTP/1.1" 302 -
0:0:0:0:0:0:0:1 - - [14/Jun/2018:10:56:12 +0800] "GET /1 HTTP/1.1" 200 963
0:0:0:0:0:0:0:1 - - [14/Jun/2018:11:00:16 +0800] "GET / HTTP/1.1" 200 1159
0:0:0:0:0:0:0:1 - - [14/Jun/2018:11:00:18 +0800] "GET /?form HTTP/1.1" 200 1727
0:0:0:0:0:0:0:1 - - [14/Jun/2018:11:00:23 +0800] "POST /hao HTTP/1.1" 302 -
0:0:0:0:0:0:0:1 - - [14/Jun/2018:11:00:24 +0800] "GET /1 HTTP/1.1" 200 1012
0:0:0:0:0:0:0:1 - - [14/Jun/2018:11:00:37 +0800] "GET /modify/1 HTTP/1.1" 200 1758
0:0:0:0:0:0:0:1 - - [14/Jun/2018:11:00:41 +0800] "POST /hao HTTP/1.1" 302 -
0:0:0:0:0:0:0:1 - - [14/Jun/2018:11:00:41 +0800] "GET /1 HTTP/1.1" 200 1012
0:0:0:0:0:0:0:1 - - [14/Jun/2018:11:00:44 +0800] "GET /modify/1 HTTP/1.1" 200 1758
0:0:0:0:0:0:0:1 - - [14/Jun/2018:11:00:57 +0800] "POST /hao HTTP/1.1" 302 -
0:0:0:0:0:0:0:1 - - [14/Jun/2018:11:00:57 +0800] "GET /1 HTTP/1.1" 200 1012
0:0:0:0:0:0:0:1 - - [14/Jun/2018:11:01:01 +0800] "GET /delete/1 HTTP/1.1" 200 1159
0:0:0:0:0:0:0:1 - - [14/Jun/2018:11:01:03 +0800] "GET /?form HTTP/1.1" 200 1727
0:0:0:0:0:0:0:1 - - [14/Jun/2018:11:01:12 +0800] "POST /hao HTTP/1.1" 302 -
0:0:0:0:0:0:0:1 - - [14/Jun/2018:11:01:12 +0800] "GET /2 HTTP/1.1" 200 1009
0:0:0:0:0:0:0:1 - - [14/Jun/2018:11:01:18 +0800] "GET /modify/2 HTTP/1.1" 200 1758
0:0:0:0:0:0:0:1 - - [14/Jun/2018:11:01:21 +0800] "POST /hao HTTP/1.1" 302 -
0:0:0:0:0:0:0:1 - - [14/Jun/2018:11:01:21 +0800] "GET /2 HTTP/1.1" 200 1012
