0:0:0:0:0:0:0:1 - - [13/Jun/2018:09:57:43 +0800] "GET / HTTP/1.1" 500 409
0:0:0:0:0:0:0:1 - - [13/Jun/2018:09:57:44 +0800] "GET /favicon.ico HTTP/1.1" 200 64364
0:0:0:0:0:0:0:1 - - [13/Jun/2018:09:59:44 +0800] "GET / HTTP/1.1" 500 409
0:0:0:0:0:0:0:1 - - [13/Jun/2018:10:02:30 +0800] "GET / HTTP/1.1" 500 409
0:0:0:0:0:0:0:1 - - [13/Jun/2018:10:02:30 +0800] "GET /favicon.ico HTTP/1.1" 200 64364
0:0:0:0:0:0:0:1 - - [13/Jun/2018:10:08:23 +0800] "GET / HTTP/1.1" 404 306
0:0:0:0:0:0:0:1 - - [13/Jun/2018:10:08:24 +0800] "GET /favicon.ico HTTP/1.1" 200 64364
0:0:0:0:0:0:0:1 - - [13/Jun/2018:10:08:29 +0800] "GET / HTTP/1.1" 404 306
0:0:0:0:0:0:0:1 - - [13/Jun/2018:10:08:38 +0800] "GET / HTTP/1.1" 404 306
0:0:0:0:0:0:0:1 - - [13/Jun/2018:10:08:38 +0800] "GET /favicon.ico HTTP/1.1" 200 64364
0:0:0:0:0:0:0:1 - - [13/Jun/2018:10:08:41 +0800] "GET / HTTP/1.1" 404 306
0:0:0:0:0:0:0:1 - - [13/Jun/2018:10:08:41 +0800] "GET /favicon.ico HTTP/1.1" 200 64364
0:0:0:0:0:0:0:1 - - [13/Jun/2018:10:08:43 +0800] "GET / HTTP/1.1" 404 306
0:0:0:0:0:0:0:1 - - [13/Jun/2018:10:08:43 +0800] "GET /favicon.ico HTTP/1.1" 200 64364
0:0:0:0:0:0:0:1 - - [13/Jun/2018:10:08:59 +0800] "GET / HTTP/1.1" 404 306
0:0:0:0:0:0:0:1 - - [13/Jun/2018:10:09:09 +0800] "GET / HTTP/1.1" 404 306
0:0:0:0:0:0:0:1 - - [13/Jun/2018:10:09:59 +0800] "GET / HTTP/1.1" 404 306
0:0:0:0:0:0:0:1 - - [13/Jun/2018:10:10:08 +0800] "GET /1 HTTP/1.1" 404 306
0:0:0:0:0:0:0:1 - - [13/Jun/2018:10:10:39 +0800] "GET / HTTP/1.1" 404 306
0:0:0:0:0:0:0:1 - - [13/Jun/2018:10:11:07 +0800] "GET / HTTP/1.1" 500 409
0:0:0:0:0:0:0:1 - - [13/Jun/2018:10:11:07 +0800] "GET /favicon.ico HTTP/1.1" 200 64364
0:0:0:0:0:0:0:1 - - [13/Jun/2018:10:12:42 +0800] "GET / HTTP/1.1" 200 1146
0:0:0:0:0:0:0:1 - - [13/Jun/2018:10:12:42 +0800] "GET /favicon.ico HTTP/1.1" 200 64364
0:0:0:0:0:0:0:1 - - [13/Jun/2018:10:12:57 +0800] "GET /?form HTTP/1.1" 500 381
0:0:0:0:0:0:0:1 - - [13/Jun/2018:10:14:28 +0800] "GET / HTTP/1.1" 200 1146
0:0:0:0:0:0:0:1 - - [13/Jun/2018:10:14:33 +0800] "GET /?form HTTP/1.1" 500 409
0:0:0:0:0:0:0:1 - - [13/Jun/2018:10:16:49 +0800] "GET / HTTP/1.1" 200 1146
0:0:0:0:0:0:0:1 - - [13/Jun/2018:10:16:51 +0800] "GET /?form HTTP/1.1" 200 1297
0:0:0:0:0:0:0:1 - - [13/Jun/2018:10:19:23 +0800] "POST /?form HTTP/1.1" 302 -
0:0:0:0:0:0:0:1 - - [13/Jun/2018:10:19:23 +0800] "GET /1 HTTP/1.1" 500 458
0:0:0:0:0:0:0:1 - - [13/Jun/2018:10:20:26 +0800] "GET / HTTP/1.1" 200 1146
0:0:0:0:0:0:0:1 - - [13/Jun/2018:11:25:21 +0800] "GET / HTTP/1.1" 200 1146
0:0:0:0:0:0:0:1 - - [13/Jun/2018:14:03:25 +0800] "GET /?form HTTP/1.1" 200 1297
0:0:0:0:0:0:0:1 - - [13/Jun/2018:14:03:31 +0800] "POST /?form HTTP/1.1" 302 -
0:0:0:0:0:0:0:1 - - [13/Jun/2018:14:03:31 +0800] "GET /1 HTTP/1.1" 200 978
0:0:0:0:0:0:0:1 - - [13/Jun/2018:14:03:44 +0800] "GET /modify/1 HTTP/1.1" 200 1321
0:0:0:0:0:0:0:1 - - [13/Jun/2018:14:03:51 +0800] "POST /?form HTTP/1.1" 302 -
0:0:0:0:0:0:0:1 - - [13/Jun/2018:14:03:51 +0800] "GET /1 HTTP/1.1" 200 963
0:0:0:0:0:0:0:1 - - [13/Jun/2018:14:03:56 +0800] "GET /delete/1 HTTP/1.1" 200 1146
0:0:0:0:0:0:0:1 - - [13/Jun/2018:14:04:06 +0800] "GET /?form HTTP/1.1" 200 1297
0:0:0:0:0:0:0:1 - - [13/Jun/2018:14:06:44 +0800] "GET /?form HTTP/1.1" 200 1297
0:0:0:0:0:0:0:1 - - [13/Jun/2018:14:06:44 +0800] "GET /favicon.ico HTTP/1.1" 200 64364
0:0:0:0:0:0:0:1 - - [13/Jun/2018:14:15:19 +0800] "GET / HTTP/1.1" 200 1159
0:0:0:0:0:0:0:1 - - [13/Jun/2018:14:15:19 +0800] "GET / HTTP/1.1" 200 1159
0:0:0:0:0:0:0:1 - - [13/Jun/2018:14:15:28 +0800] "GET / HTTP/1.1" 200 1159
0:0:0:0:0:0:0:1 - - [13/Jun/2018:14:15:29 +0800] "GET /favicon.ico HTTP/1.1" 200 64364
0:0:0:0:0:0:0:1 - - [13/Jun/2018:14:15:57 +0800] "GET / HTTP/1.1" 200 1159
0:0:0:0:0:0:0:1 - - [13/Jun/2018:14:17:36 +0800] "GET / HTTP/1.1" 200 1159
0:0:0:0:0:0:0:1 - - [13/Jun/2018:14:18:04 +0800] "GET /?form HTTP/1.1" 200 1310
0:0:0:0:0:0:0:1 - - [13/Jun/2018:14:22:03 +0800] "POST /?form HTTP/1.1" 302 -
0:0:0:0:0:0:0:1 - - [13/Jun/2018:14:22:03 +0800] "GET /1 HTTP/1.1" 200 966
0:0:0:0:0:0:0:1 - - [13/Jun/2018:14:25:15 +0800] "GET / HTTP/1.1" 200 1257
0:0:0:0:0:0:0:1 - - [13/Jun/2018:14:25:24 +0800] "GET /modify/1 HTTP/1.1" 200 1322
0:0:0:0:0:0:0:1 - - [13/Jun/2018:14:25:33 +0800] "POST /?form HTTP/1.1" 302 -
0:0:0:0:0:0:0:1 - - [13/Jun/2018:14:25:33 +0800] "GET /1 HTTP/1.1" 200 963
0:0:0:0:0:0:0:1 - - [13/Jun/2018:14:26:39 +0800] "GET / HTTP/1.1" 200 1159
0:0:0:0:0:0:0:1 - - [13/Jun/2018:14:27:26 +0800] "GET /?form HTTP/1.1" 200 1310
0:0:0:0:0:0:0:1 - - [13/Jun/2018:14:29:17 +0800] "POST /?form HTTP/1.1" 302 -
0:0:0:0:0:0:0:1 - - [13/Jun/2018:14:29:22 +0800] "GET /1 HTTP/1.1" 200 968
0:0:0:0:0:0:0:1 - - [13/Jun/2018:14:31:14 +0800] "GET / HTTP/1.1" 200 1159
0:0:0:0:0:0:0:1 - - [13/Jun/2018:14:31:14 +0800] "GET / HTTP/1.1" 200 1159
0:0:0:0:0:0:0:1 - - [13/Jun/2018:14:31:25 +0800] "GET /?form HTTP/1.1" 500 360
0:0:0:0:0:0:0:1 - - [13/Jun/2018:14:33:07 +0800] "GET /?form HTTP/1.1" 200 1317
0:0:0:0:0:0:0:1 - - [13/Jun/2018:14:33:33 +0800] "POST /?form HTTP/1.1" 302 -
0:0:0:0:0:0:0:1 - - [13/Jun/2018:14:33:39 +0800] "GET /1 HTTP/1.1" 200 964
0:0:0:0:0:0:0:1 - - [13/Jun/2018:14:36:29 +0800] "GET / HTTP/1.1" 200 1159
0:0:0:0:0:0:0:1 - - [13/Jun/2018:14:36:39 +0800] "GET /?form HTTP/1.1" 200 1317
0:0:0:0:0:0:0:1 - - [13/Jun/2018:14:36:52 +0800] "POST /?form HTTP/1.1" 302 -
0:0:0:0:0:0:0:1 - - [13/Jun/2018:14:36:52 +0800] "GET /1 HTTP/1.1" 200 966
0:0:0:0:0:0:0:1 - - [13/Jun/2018:14:40:12 +0800] "GET / HTTP/1.1" 200 1159
0:0:0:0:0:0:0:1 - - [13/Jun/2018:14:40:12 +0800] "GET / HTTP/1.1" 200 1159
0:0:0:0:0:0:0:1 - - [13/Jun/2018:14:40:22 +0800] "GET /?form HTTP/1.1" 200 1317
0:0:0:0:0:0:0:1 - - [13/Jun/2018:14:40:54 +0800] "POST /?form HTTP/1.1" 302 -
0:0:0:0:0:0:0:1 - - [13/Jun/2018:14:40:56 +0800] "GET /1 HTTP/1.1" 200 966
0:0:0:0:0:0:0:1 - - [13/Jun/2018:14:42:02 +0800] "GET /1 HTTP/1.1" 500 414
0:0:0:0:0:0:0:1 - - [13/Jun/2018:14:42:12 +0800] "GET / HTTP/1.1" 200 1159
0:0:0:0:0:0:0:1 - - [13/Jun/2018:14:42:22 +0800] "GET /?form HTTP/1.1" 200 1317
0:0:0:0:0:0:0:1 - - [13/Jun/2018:14:42:48 +0800] "POST /?form HTTP/1.1" 302 -
0:0:0:0:0:0:0:1 - - [13/Jun/2018:14:42:52 +0800] "GET /1 HTTP/1.1" 200 965
0:0:0:0:0:0:0:1 - - [13/Jun/2018:14:49:14 +0800] "GET / HTTP/1.1" 200 1159
0:0:0:0:0:0:0:1 - - [13/Jun/2018:14:49:14 +0800] "GET / HTTP/1.1" 200 1159
0:0:0:0:0:0:0:1 - - [13/Jun/2018:14:49:23 +0800] "GET /?form HTTP/1.1" 200 1317
0:0:0:0:0:0:0:1 - - [13/Jun/2018:14:49:35 +0800] "POST /?form HTTP/1.1" 405 338
0:0:0:0:0:0:0:1 - - [13/Jun/2018:15:10:05 +0800] "GET / HTTP/1.1" 200 1159
0:0:0:0:0:0:0:1 - - [13/Jun/2018:15:10:05 +0800] "GET / HTTP/1.1" 200 1159
0:0:0:0:0:0:0:1 - - [13/Jun/2018:15:10:20 +0800] "GET /?form HTTP/1.1" 200 1312
0:0:0:0:0:0:0:1 - - [13/Jun/2018:15:10:43 +0800] "POST / HTTP/1.1" 302 -
0:0:0:0:0:0:0:1 - - [13/Jun/2018:15:10:46 +0800] "GET /1 HTTP/1.1" 200 965
0:0:0:0:0:0:0:1 - - [13/Jun/2018:15:10:59 +0800] "GET / HTTP/1.1" 200 1257
0:0:0:0:0:0:0:1 - - [13/Jun/2018:15:10:59 +0800] "GET / HTTP/1.1" 200 1257
0:0:0:0:0:0:0:1 - - [13/Jun/2018:15:11:59 +0800] "GET /1 HTTP/1.1" 500 414
0:0:0:0:0:0:0:1 - - [13/Jun/2018:15:12:11 +0800] "GET / HTTP/1.1" 200 1159
0:0:0:0:0:0:0:1 - - [13/Jun/2018:15:12:11 +0800] "GET / HTTP/1.1" 200 1159
0:0:0:0:0:0:0:1 - - [13/Jun/2018:15:12:19 +0800] "GET /?form HTTP/1.1" 200 1315
0:0:0:0:0:0:0:1 - - [13/Jun/2018:15:12:33 +0800] "POST /hao HTTP/1.1" 302 -
0:0:0:0:0:0:0:1 - - [13/Jun/2018:15:12:34 +0800] "GET /1 HTTP/1.1" 200 963
