0:0:0:0:0:0:0:1 - - [14/Jun/2018:11:55:57 +0800] "GET / HTTP/1.1" 500 409
0:0:0:0:0:0:0:1 - - [14/Jun/2018:11:58:26 +0800] "GET / HTTP/1.1" 200 959
0:0:0:0:0:0:0:1 - - [14/Jun/2018:11:58:29 +0800] "GET /?form HTTP/1.1" 500 430
0:0:0:0:0:0:0:1 - - [14/Jun/2018:12:27:30 +0800] "GET / HTTP/1.1" 200 959
0:0:0:0:0:0:0:1 - - [14/Jun/2018:12:27:34 +0800] "GET /?form HTTP/1.1" 500 430
0:0:0:0:0:0:0:1 - - [14/Jun/2018:12:32:58 +0800] "GET /?form HTTP/1.1" 200 1621
0:0:0:0:0:0:0:1 - - [14/Jun/2018:12:33:03 +0800] "POST /add HTTP/1.1" 302 -
0:0:0:0:0:0:0:1 - - [14/Jun/2018:12:33:04 +0800] "GET /1 HTTP/1.1" 200 1165
0:0:0:0:0:0:0:1 - - [14/Jun/2018:12:33:14 +0800] "POST /add HTTP/1.1" 302 -
0:0:0:0:0:0:0:1 - - [14/Jun/2018:12:33:14 +0800] "GET /2 HTTP/1.1" 200 1165
0:0:0:0:0:0:0:1 - - [14/Jun/2018:14:12:23 +0800] "GET /2 HTTP/1.1" 500 414
0:0:0:0:0:0:0:1 - - [14/Jun/2018:14:12:30 +0800] "GET / HTTP/1.1" 200 1033
0:0:0:0:0:0:0:1 - - [14/Jun/2018:14:12:30 +0800] "GET /css/bootstrap.min.css HTTP/1.1" 200 144877
0:0:0:0:0:0:0:1 - - [14/Jun/2018:14:12:31 +0800] "GET /css/bootstrap.min.css.map HTTP/1.1" 404 140
0:0:0:0:0:0:0:1 - - [14/Jun/2018:14:12:42 +0800] "GET /?form HTTP/1.1" 200 1693
0:0:0:0:0:0:0:1 - - [14/Jun/2018:14:12:43 +0800] "GET /css/bootstrap.min.css.map HTTP/1.1" 404 140
0:0:0:0:0:0:0:1 - - [14/Jun/2018:14:13:00 +0800] "POST /add HTTP/1.1" 302 -
0:0:0:0:0:0:0:1 - - [14/Jun/2018:14:13:00 +0800] "GET /1 HTTP/1.1" 200 1237
0:0:0:0:0:0:0:1 - - [14/Jun/2018:14:13:00 +0800] "GET /css/bootstrap.min.css.map HTTP/1.1" 404 140
0:0:0:0:0:0:0:1 - - [14/Jun/2018:14:13:07 +0800] "GET /modify/1 HTTP/1.1" 200 1723
0:0:0:0:0:0:0:1 - - [14/Jun/2018:14:13:07 +0800] "GET /css/bootstrap.min.css.map HTTP/1.1" 404 140
0:0:0:0:0:0:0:1 - - [14/Jun/2018:14:13:12 +0800] "POST /add HTTP/1.1" 302 -
0:0:0:0:0:0:0:1 - - [14/Jun/2018:14:13:12 +0800] "GET /1 HTTP/1.1" 200 1237
0:0:0:0:0:0:0:1 - - [14/Jun/2018:14:13:12 +0800] "GET /css/bootstrap.min.css.map HTTP/1.1" 404 140
0:0:0:0:0:0:0:1 - - [14/Jun/2018:14:14:18 +0800] "GET / HTTP/1.1" 200 1115
0:0:0:0:0:0:0:1 - - [14/Jun/2018:14:14:18 +0800] "GET /css/bootstrap.min.css.map HTTP/1.1" 404 140
0:0:0:0:0:0:0:1 - - [14/Jun/2018:14:14:40 +0800] "GET /?form HTTP/1.1" 200 1693
0:0:0:0:0:0:0:1 - - [14/Jun/2018:14:14:40 +0800] "GET /css/bootstrap.min.css.map HTTP/1.1" 404 140
0:0:0:0:0:0:0:1 - - [14/Jun/2018:14:14:48 +0800] "POST /add HTTP/1.1" 302 -
0:0:0:0:0:0:0:1 - - [14/Jun/2018:14:14:48 +0800] "GET /2 HTTP/1.1" 200 1235
0:0:0:0:0:0:0:1 - - [14/Jun/2018:14:14:49 +0800] "GET /css/bootstrap.min.css.map HTTP/1.1" 404 140
0:0:0:0:0:0:0:1 - - [14/Jun/2018:14:14:54 +0800] "GET / HTTP/1.1" 200 1267
0:0:0:0:0:0:0:1 - - [14/Jun/2018:14:14:54 +0800] "GET /css/bootstrap.min.css.map HTTP/1.1" 404 140
0:0:0:0:0:0:0:1 - - [14/Jun/2018:14:14:59 +0800] "GET /?form HTTP/1.1" 200 1693
0:0:0:0:0:0:0:1 - - [14/Jun/2018:14:14:59 +0800] "GET /css/bootstrap.min.css.map HTTP/1.1" 404 140
0:0:0:0:0:0:0:1 - - [14/Jun/2018:14:15:05 +0800] "POST /add HTTP/1.1" 302 -
0:0:0:0:0:0:0:1 - - [14/Jun/2018:14:15:05 +0800] "GET /3 HTTP/1.1" 200 1235
0:0:0:0:0:0:0:1 - - [14/Jun/2018:14:15:05 +0800] "GET /css/bootstrap.min.css.map HTTP/1.1" 404 140
0:0:0:0:0:0:0:1 - - [14/Jun/2018:14:15:06 +0800] "GET / HTTP/1.1" 200 1419
0:0:0:0:0:0:0:1 - - [14/Jun/2018:14:15:06 +0800] "GET /css/bootstrap.min.css.map HTTP/1.1" 404 140
0:0:0:0:0:0:0:1 - - [14/Jun/2018:14:16:56 +0800] "GET /1 HTTP/1.1" 200 1164
0:0:0:0:0:0:0:1 - - [14/Jun/2018:14:16:56 +0800] "GET /css/bootstrap.min.css.map HTTP/1.1" 404 140
0:0:0:0:0:0:0:1 - - [14/Jun/2018:14:16:59 +0800] "GET / HTTP/1.1" 200 1419
0:0:0:0:0:0:0:1 - - [14/Jun/2018:14:16:59 +0800] "GET /css/bootstrap.min.css.map HTTP/1.1" 404 140
0:0:0:0:0:0:0:1 - - [14/Jun/2018:14:26:20 +0800] "GET / HTTP/1.1" 200 1058
0:0:0:0:0:0:0:1 - - [14/Jun/2018:14:26:21 +0800] "GET /css/bootstrap.min.css HTTP/1.1" 304 -
0:0:0:0:0:0:0:1 - - [14/Jun/2018:14:26:21 +0800] "GET /css/bootstrap.min.css.map HTTP/1.1" 404 140
0:0:0:0:0:0:0:1 - - [14/Jun/2018:14:32:39 +0800] "GET / HTTP/1.1" 200 1058
0:0:0:0:0:0:0:1 - - [14/Jun/2018:14:32:40 +0800] "GET /css/bootstrap.min.css.map HTTP/1.1" 404 140
0:0:0:0:0:0:0:1 - - [14/Jun/2018:14:32:44 +0800] "GET /?form HTTP/1.1" 200 1693
0:0:0:0:0:0:0:1 - - [14/Jun/2018:14:32:45 +0800] "GET /css/bootstrap.min.css.map HTTP/1.1" 404 140
0:0:0:0:0:0:0:1 - - [14/Jun/2018:14:32:50 +0800] "POST /add HTTP/1.1" 302 -
0:0:0:0:0:0:0:1 - - [14/Jun/2018:14:32:50 +0800] "GET /1 HTTP/1.1" 200 1263
0:0:0:0:0:0:0:1 - - [14/Jun/2018:14:32:51 +0800] "GET /css/bootstrap.min.css.map HTTP/1.1" 404 140
0:0:0:0:0:0:0:1 - - [14/Jun/2018:14:32:54 +0800] "GET /modify/1 HTTP/1.1" 200 1723
0:0:0:0:0:0:0:1 - - [14/Jun/2018:14:32:54 +0800] "GET /css/bootstrap.min.css.map HTTP/1.1" 404 140
0:0:0:0:0:0:0:1 - - [14/Jun/2018:14:32:59 +0800] "POST /add HTTP/1.1" 302 -
0:0:0:0:0:0:0:1 - - [14/Jun/2018:14:32:59 +0800] "GET /1 HTTP/1.1" 200 1263
0:0:0:0:0:0:0:1 - - [14/Jun/2018:14:32:59 +0800] "GET /css/bootstrap.min.css.map HTTP/1.1" 404 140
0:0:0:0:0:0:0:1 - - [14/Jun/2018:14:33:00 +0800] "GET / HTTP/1.1" 200 1165
0:0:0:0:0:0:0:1 - - [14/Jun/2018:14:33:00 +0800] "GET /css/bootstrap.min.css.map HTTP/1.1" 404 140
0:0:0:0:0:0:0:1 - - [14/Jun/2018:14:33:07 +0800] "GET /?form HTTP/1.1" 200 1693
0:0:0:0:0:0:0:1 - - [14/Jun/2018:14:33:08 +0800] "GET /css/bootstrap.min.css.map HTTP/1.1" 404 140
0:0:0:0:0:0:0:1 - - [14/Jun/2018:14:33:12 +0800] "POST /add HTTP/1.1" 302 -
0:0:0:0:0:0:0:1 - - [14/Jun/2018:14:33:12 +0800] "GET /2 HTTP/1.1" 200 1261
0:0:0:0:0:0:0:1 - - [14/Jun/2018:14:33:12 +0800] "GET /css/bootstrap.min.css.map HTTP/1.1" 404 140
0:0:0:0:0:0:0:1 - - [14/Jun/2018:14:33:14 +0800] "GET / HTTP/1.1" 200 1342
0:0:0:0:0:0:0:1 - - [14/Jun/2018:14:33:14 +0800] "GET /css/bootstrap.min.css.map HTTP/1.1" 404 140
0:0:0:0:0:0:0:1 - - [14/Jun/2018:14:48:35 +0800] "GET /?form HTTP/1.1" 200 1693
0:0:0:0:0:0:0:1 - - [14/Jun/2018:14:48:35 +0800] "GET /css/bootstrap.min.css HTTP/1.1" 304 -
0:0:0:0:0:0:0:1 - - [14/Jun/2018:14:48:35 +0800] "GET /css/bootstrap.min.css.map HTTP/1.1" 404 140
0:0:0:0:0:0:0:1 - - [14/Jun/2018:14:48:43 +0800] "POST /add HTTP/1.1" 302 -
0:0:0:0:0:0:0:1 - - [14/Jun/2018:14:48:43 +0800] "GET /3 HTTP/1.1" 200 1262
0:0:0:0:0:0:0:1 - - [14/Jun/2018:14:48:43 +0800] "GET /css/bootstrap.min.css.map HTTP/1.1" 404 140
0:0:0:0:0:0:0:1 - - [14/Jun/2018:14:48:45 +0800] "GET / HTTP/1.1" 200 1519
0:0:0:0:0:0:0:1 - - [14/Jun/2018:14:48:45 +0800] "GET /css/bootstrap.min.css.map HTTP/1.1" 404 140
